[31688:22176:0507/164035.828:INFO:chrome_browser_cloud_management_controller.cc(202)] No machine level policy manager exists.
[31688:22176:0507/164036.849:ERROR:interface_endpoint_client.cc(725)] Message 0 rejected by interface blink.mojom.WidgetHost
[31688:22176:0507/164037.762:INFO:CONSOLE(2549)] "Rendering was performed in a subtree hidden by content-visibility.", source: https://static.cdninstagram.com/rsrc.php/v4inP64/yT/l/rt/fApXzJHNZ0EWurboQn4IYLMPxiLel9naWqQyXtwssUMRt6OiuAnW4ZCeo8EUSLeP3exNEkM44K5ZU9HOrpebpwpRoicSCsk2za-CGqBjLJ5ItzSkMj45iXM_T8GYD8Kk_NEJfbfxPPEKENidCGLqWp9LORhLW4OBv-Q3oiK3sWnyM-BcsXDfNMF1zRKi0hLmdj_SHkmCOVAxJ3pk3o3h0bHa3Qw2eZqTGSgHtQ5kc_t-lyt4Of-FOnEjdSStz8NcxpSFnq1n-WOvNk0hkA_.js (2549)
[31688:22176:0507/164037.803:INFO:CONSOLE(2549)] "Rendering was performed in a subtree hidden by content-visibility.", source: https://static.cdninstagram.com/rsrc.php/v4inP64/yT/l/rt/fApXzJHNZ0EWurboQn4IYLMPxiLel9naWqQyXtwssUMRt6OiuAnW4ZCeo8EUSLeP3exNEkM44K5ZU9HOrpebpwpRoicSCsk2za-CGqBjLJ5ItzSkMj45iXM_T8GYD8Kk_NEJfbfxPPEKENidCGLqWp9LORhLW4OBv-Q3oiK3sWnyM-BcsXDfNMF1zRKi0hLmdj_SHkmCOVAxJ3pk3o3h0bHa3Qw2eZqTGSgHtQ5kc_t-lyt4Of-FOnEjdSStz8NcxpSFnq1n-WOvNk0hkA_.js (2549)
[31688:22176:0507/164037.804:INFO:CONSOLE(2549)] "Rendering was performed in a subtree hidden by content-visibility.", source: https://static.cdninstagram.com/rsrc.php/v4inP64/yT/l/rt/fApXzJHNZ0EWurboQn4IYLMPxiLel9naWqQyXtwssUMRt6OiuAnW4ZCeo8EUSLeP3exNEkM44K5ZU9HOrpebpwpRoicSCsk2za-CGqBjLJ5ItzSkMj45iXM_T8GYD8Kk_NEJfbfxPPEKENidCGLqWp9LORhLW4OBv-Q3oiK3sWnyM-BcsXDfNMF1zRKi0hLmdj_SHkmCOVAxJ3pk3o3h0bHa3Qw2eZqTGSgHtQ5kc_t-lyt4Of-FOnEjdSStz8NcxpSFnq1n-WOvNk0hkA_.js (2549)
[31688:22176:0507/164037.809:INFO:CONSOLE(2549)] "Rendering was performed in a subtree hidden by content-visibility.", source: https://static.cdninstagram.com/rsrc.php/v4inP64/yT/l/rt/fApXzJHNZ0EWurboQn4IYLMPxiLel9naWqQyXtwssUMRt6OiuAnW4ZCeo8EUSLeP3exNEkM44K5ZU9HOrpebpwpRoicSCsk2za-CGqBjLJ5ItzSkMj45iXM_T8GYD8Kk_NEJfbfxPPEKENidCGLqWp9LORhLW4OBv-Q3oiK3sWnyM-BcsXDfNMF1zRKi0hLmdj_SHkmCOVAxJ3pk3o3h0bHa3Qw2eZqTGSgHtQ5kc_t-lyt4Of-FOnEjdSStz8NcxpSFnq1n-WOvNk0hkA_.js (2549)
[31688:22176:0507/164037.809:INFO:CONSOLE(2549)] "Rendering was performed in a subtree hidden by content-visibility.", source: https://static.cdninstagram.com/rsrc.php/v4inP64/yT/l/rt/fApXzJHNZ0EWurboQn4IYLMPxiLel9naWqQyXtwssUMRt6OiuAnW4ZCeo8EUSLeP3exNEkM44K5ZU9HOrpebpwpRoicSCsk2za-CGqBjLJ5ItzSkMj45iXM_T8GYD8Kk_NEJfbfxPPEKENidCGLqWp9LORhLW4OBv-Q3oiK3sWnyM-BcsXDfNMF1zRKi0hLmdj_SHkmCOVAxJ3pk3o3h0bHa3Qw2eZqTGSgHtQ5kc_t-lyt4Of-FOnEjdSStz8NcxpSFnq1n-WOvNk0hkA_.js (2549)
[31688:22176:0507/164040.495:INFO:CONSOLE(250)] "
%cStop! font-family:helvetica; font-size:20px; font-size:50px; font-weight:bold; color:red; -webkit-text-stroke:1px black;", source: https://static.cdninstagram.com/rsrc.php/v4/yJ/r/mtiijeELSwP.js (250)
[31688:22176:0507/164040.495:INFO:CONSOLE(250)] "
%cThis is a browser feature intended for developers. If someone told you to copy-paste something here to enable an Instagram feature or "hack" someone's account, it is a scam and will give them access to your Instagram account. font-family:helvetica; font-size:20px; ", source: https://static.cdninstagram.com/rsrc.php/v4/yJ/r/mtiijeELSwP.js (250)
[31688:22176:0507/164040.496:INFO:CONSOLE(250)] "
%cSee https://www.facebook.com/selfxss for more information. font-family:helvetica; font-size:20px; ", source: https://static.cdninstagram.com/rsrc.php/v4/yJ/r/mtiijeELSwP.js (250)
[31688:22176:0507/164040.496:INFO:CONSOLE(250)] "
%c ", source: https://static.cdninstagram.com/rsrc.php/v4/yJ/r/mtiijeELSwP.js (250)
[5232:9164:0507/164040.532:ERROR:gles2_cmd_decoder_passthrough.cc(1081)] [GroupMarkerNotSet(crbug.com/242999)!:A0C02300BC680000]Automatic fallback to software WebGL has been deprecated. Please use the --enable-unsafe-swiftshader flag to opt in to lower security guarantees for trusted content.
[31688:22176:0507/164040.546:INFO:CONSOLE(174)] "[GroupMarkerNotSet(crbug.com/242999)!:A0C02300BC680000]Automatic fallback to software WebGL has been deprecated. Please use the --enable-unsafe-swiftshader flag to opt in to lower security guarantees for trusted content.", source: https://www.instagram.com/ (174)
[31688:22176:0507/164041.077:INFO:CONSOLE(0)] "Banner not shown: beforeinstallpromptevent.preventDefault() called. The page must call beforeinstallpromptevent.prompt() to show the banner.", source: https://www.instagram.com/ (0)
[31688:22176:0507/164042.280:INFO:CONSOLE(77)] "ErrorUtils caught an error:

DTSG response is not valid: {"__ar":1,"error":1357004,"errorSummary":"Sorry, something went wrong","errorDescription":"Please try closing and re-opening your browser window.","isNotCritical":1,"rid":"AnDotCuVY5gzcxeIF0f4oPb","payload":null,"lid":"7501659656991569107"}'

Subsequent non-fatal errors won't be logged; see https://fburl.com/debugjs. [object Object]", source: https://static.cdninstagram.com/rsrc.php/v4/yJ/r/mtiijeELSwP.js (77)
[31688:22176:0507/164044.298:INFO:CONSOLE(246)] "Permissions policy violation: unload is not allowed in this document.", source: https://static.xx.fbcdn.net/rsrc.php/v4/yw/r/LogMoGn7f59.js (246)
